Arguments: 
  /Users/hammaadmahboob/Applications/Framer X.app/Contents/Resources/Node/bin/node /Users/hammaadmahboob/Applications/Framer X.app/Contents/Resources/Server/node_modules/yarn/lib/cli.js outdated --cwd /Users/hammaadmahboob/Library/Autosave Information/Framer-04086519-169A-4EA7-A00D-D7E73EF7C25D/container --skip-integrity-check --cache-folder /Users/hammaadmahboob/Library/Caches/Framer/yarn/cache --mutex file:/Users/hammaadmahboob/Library/Caches/Framer/yarn/mutex --json

PATH: 
  /usr/bin:/bin:/usr/sbin:/sbin

Yarn version: 
  1.9.4

Node version: 
  8.11.2

Platform: 
  darwin x64

Trace: 
  Error: getaddrinfo ENOTFOUND registry.framer.com registry.framer.com:443
      at errnoException (dns.js:50:10)
      at GetAddrInfoReqWrap.onlookup [as oncomplete] (dns.js:92:26)

npm manifest: 
  {
  	"main": "build/index.js",
  	"license": "MIT",
  	"devDependencies": {
  		"@framer/framer.device-skin-apple-iphone-x-silver": "^1.0.0",
  		"@framer/framer.device-skin-apple-iphone-x-space-gray": "^1.0.0",
  		"@types/react": "^16.4.16",
  		"framer": "^0.9.2"
  	},
  	"peerDependencies": {
  		"framer": "^0.9.2",
  		"react": "^16.3.0",
  		"react-dom": "^16.3.0"
  	},
  	"framer": {
  		"id": "995c5641-b61c-40e6-9c9d-da9d18fd86f0"
  	},
  	"author": "Hammaad Mahboob",
  	"dependencies": {
  		"@framer/benjamin.input": "^1.1.0",
  		"@framer/benjamin.profile": "^1.11.0",
  		"@framer/colebemis.feather-icons": "^1.2.0",
  		"@framer/eprototype.filtering-dropdown-menu": "^1.2.0",
  		"@framer/floris.unsplash": "^1.1.0",
  		"@framer/framer.examples": "^1.5.0",
  		"@framer/ismael.sticky": "^1.1.0",
  		"@framer/nickvernij.tooltip-utility": "^1.3.0",
  		"@framer/nochevolta.bottomsheet": "^1.14.0"
  	}
  }

yarn manifest: 
  No manifest

Lockfile: 
  # THIS IS AN AUTOGENERATED FILE. DO NOT EDIT THIS FILE DIRECTLY.
  # yarn lockfile v1
  
  
  "@babel/helper-annotate-as-pure@^7.0.0":
    version "7.0.0"
    resolved "https://registry.yarnpkg.com/@babel/helper-annotate-as-pure/-/helper-annotate-as-pure-7.0.0.tgz#323d39dd0b50e10c7c06ca7d7638e6864d8c5c32"
    dependencies:
      "@babel/types" "^7.0.0"
  
  "@babel/types@^7.0.0":
    version "7.1.6"
    resolved "https://registry.yarnpkg.com/@babel/types/-/types-7.1.6.tgz#0adb330c3a281348a190263aceb540e10f04bcce"
    dependencies:
      esutils "^2.0.2"
      lodash "^4.17.10"
      to-fast-properties "^2.0.0"
  
  "@emotion/is-prop-valid@^0.6.8":
    version "0.6.8"
    resolved "https://registry.yarnpkg.com/@emotion/is-prop-valid/-/is-prop-valid-0.6.8.tgz#68ad02831da41213a2089d2cab4e8ac8b30cbd85"
    dependencies:
      "@emotion/memoize" "^0.6.6"
  
  "@emotion/memoize@^0.6.6":
    version "0.6.6"
    resolved "https://registry.yarnpkg.com/@emotion/memoize/-/memoize-0.6.6.tgz#004b98298d04c7ca3b4f50ca2035d4f60d2eed1b"
  
  "@emotion/unitless@^0.7.0":
    version "0.7.2"
    resolved "https://registry.yarnpkg.com/@emotion/unitless/-/unitless-0.7.2.tgz#b180097bb44a40c3b59efea9cf28df2fe542d518"
  
  "@framer/benjamin.input@^1.1.0":
    version "1.1.0"
    resolved "https://registry.framer.com/@framer/benjamin.input/-/@framer/benjamin.input-1.1.0.tgz#e59b794ef441dc70d22c940021958bb1a69677fb"
    dependencies:
      styled-components "^4.0.3"
  
  "@framer/benjamin.profile@^1.11.0":
    version "1.11.0"
    resolved "https://registry.framer.com/@framer/benjamin.profile/-/@framer/benjamin.profile-1.11.0.tgz#71641b1f50cd24f042dc662bd53c8858d42721b1"
    dependencies:
      "@types/react" "^16.0.31"
      react "^16.3.0"
      react-dom "^16.3.0"
  
  "@framer/colebemis.feather-icons@^1.2.0":
    version "1.2.0"
    resolved "https://registry.framer.com/@framer/colebemis.feather-icons/-/@framer/colebemis.feather-icons-1.2.0.tgz#45e46dc9c8d210cb2e4e052c76f4723882190786"
    dependencies:
      "@types/react" "^16.0.31"
      framer "^0.1.8"
      react "^16.3.0"
      react-dom "^16.3.0"
  
  "@framer/edoardo.web-ui-kit@^1.0.0":
    version "1.0.0"
    resolved "https://registry.framer.com/@framer/edoardo.web-ui-kit/-/@framer/edoardo.web-ui-kit-1.0.0.tgz#aa7c201cb231d6e9285edf8197389b5d90be6ee8"
  
  "@framer/eprototype.filtering-dropdown-menu@^1.0.0", "@framer/eprototype.filtering-dropdown-menu@^1.2.0":
    version "1.2.0"
    resolved "https://registry.framer.com/@framer/eprototype.filtering-dropdown-menu/-/@framer/eprototype.filtering-dropdown-menu-1.2.0.tgz#1175f8394a345a2d2b9da547e679e064cd780c2f"
    dependencies:
      "@framer/eprototype.filtering-dropdown-menu" "^1.0.0"
      "@framer/google.material-design" "^1.0.0"
      "@types/react" "16.3.17"
      "@types/react-dom" "16.0.6"
      react "16.1.1"
      react-dom "16.1.1"
      react-select "1.1.0"
  
  "@framer/floris.unsplash@^1.1.0":
    version "1.1.0"
    resolved "https://registry.framer.com/@framer/floris.unsplash/-/@framer/floris.unsplash-1.1.0.tgz#1fb80fd4db4d9bd46bf20a6c1da3d83f756caa0a"
  
  "@framer/framer.device-skin-apple-iphone-x-silver@^1.0.0":
    version "1.0.0"
    resolved "https://registry.framer.com/@framer/framer.device-skin-apple-iphone-x-silver/-/@framer/framer.device-skin-apple-iphone-x-silver-1.0.0.tgz#84a42bd01576dc80888ef47e7879d564abd4600e"
  
  "@framer/framer.device-skin-apple-iphone-x-space-gray@^1.0.0":
    version "1.0.0"
    resolved "https://registry.framer.com/@framer/framer.device-skin-apple-iphone-x-space-gray/-/@framer/framer.device-skin-apple-iphone-x-space-gray-1.0.0.tgz#6906d59f006b877acb3ff2a8c4177eeb13f623f9"
  
  "@framer/framer.examples@^1.5.0":
    version "1.5.0"
    resolved "https://registry.framer.com/@framer/framer.examples/-/@framer/framer.examples-1.5.0.tgz#3895e6052f47697f353cc18d48694049b473b047"
  
  "@framer/google.material-design@^1.0.0":
    version "1.0.0"
    resolved "https://registry.framer.com/@framer/google.material-design/-/@framer/google.material-design-1.0.0.tgz#cc7f1df1783659972bffe7ba0e224489c6cc9113"
    dependencies:
      "@material/button" "^0.39.0"
      "@material/card" "^0.39.0"
      "@material/checkbox" "^0.39.1"
      "@material/fab" "^0.39.0"
      "@material/form-field" "^0.39.1"
      "@material/icon-button" "^0.39.0"
      "@material/react-button" "^0.4.2"
      "@material/react-material-icon" "^0.4.2"
      "@material/react-select" "^0.4.2"
      "@material/react-text-field" "^0.4.2"
      "@material/react-top-app-bar" "^0.4.2"
      "@material/ripple" "^0.39.0"
      "@material/select" "^0.39.1"
      "@material/slider" "^0.39.1"
      "@material/switch" "^0.39.1"
      "@material/textfield" "^0.39.1"
      "@material/typography" "^0.39.0"
      styled-components "^3.4.5"
  
  "@framer/ismael.sticky@^1.1.0":
    version "1.1.0"
    resolved "https://registry.framer.com/@framer/ismael.sticky/-/@framer/ismael.sticky-1.1.0.tgz#9337e71feb8f58138bb613177bedab7d313efc36"
  
  "@framer/nickvernij.tooltip-utility@^1.1.0", "@framer/nickvernij.tooltip-utility@^1.3.0":
    version "1.3.0"
    resolved "https://registry.framer.com/@framer/nickvernij.tooltip-utility/-/@framer/nickvernij.tooltip-utility-1.3.0.tgz#5dd57c5781561cce0161d295a9635d6a5a0b4792"
    dependencies:
      "@framer/edoardo.web-ui-kit" "^1.0.0"
      "@framer/nickvernij.tooltip-utility" "^1.1.0"
      "@framer/nvh.isometric" "^1.1.0"
  
  "@framer/nochevolta.bottomsheet@^1.14.0":
    version "1.14.0"
    resolved "https://registry.framer.com/@framer/nochevolta.bottomsheet/-/@framer/nochevolta.bottomsheet-1.14.0.tgz#f55a243e5d7921416c68928fa94f7ba0e4d75e06"
  
  "@framer/nvh.isometric@^1.1.0":
    version "1.1.0"
    resolved "https://registry.framer.com/@framer/nvh.isometric/-/@framer/nvh.isometric-1.1.0.tgz#49ad736a5e485ea6ce5dc5104f4047c77ca453a6"
  
  "@material/animation@^0.34.0":
    version "0.34.0"
    resolved "http://registry.npmjs.org/@material/animation/-/animation-0.34.0.tgz#a99cc9dabf7d0179b4da9a0aaa1575c4d1513823"
  
  "@material/animation@^0.39.0":
    version "0.39.0"
    resolved "https://registry.yarnpkg.com/@material/animation/-/animation-0.39.0.tgz#d3d503c9f87ac1193dc4a5b0cccfaedb39478439"
  
  "@material/base@^0.35.0":
    version "0.35.0"
    resolved "https://registry.yarnpkg.com/@material/base/-/base-0.35.0.tgz#8640c2da385e8cc393ff56153c5a319f5a7704cb"
  
  "@material/base@^0.39.0":
    version "0.39.0"
    resolved "https://registry.yarnpkg.com/@material/base/-/base-0.39.0.tgz#ca451531cf438f51bf999ad7b96b5e8f3929e19a"
  
  "@material/button@^0.38.1":
    version "0.38.1"
    resolved "https://registry.yarnpkg.com/@material/button/-/button-0.38.1.tgz#006fac3c4b11d4731f86b60994ad38ddfc29fca2"
    dependencies:
      "@material/elevation" "^0.38.0"
      "@material/ripple" "^0.38.1"
      "@material/rtl" "^0.36.0"
      "@material/theme" "^0.38.0"
      "@material/typography" "^0.38.0"
  
  "@material/button@^0.39.0":
    version "0.39.3"
    resolved "https://registry.yarnpkg.com/@material/button/-/button-0.39.3.tgz#f2aaaac96932deeb692379a2379eca6eced918ac"
    dependencies:
      "@material/elevation" "^0.39.1"
      "@material/ripple" "^0.39.3"
      "@material/rtl" "^0.39.1"
      "@material/theme" "^0.39.1"
      "@material/typography" "^0.39.0"
  
  "@material/card@^0.39.0":
    version "0.39.3"
    resolved "https://registry.yarnpkg.com/@material/card/-/card-0.39.3.tgz#bd66454ce3560adb9554b15a9e4d2284f17b9af5"
    dependencies:
      "@material/elevation" "^0.39.1"
      "@material/ripple" "^0.39.3"
      "@material/rtl" "^0.39.1"
      "@material/theme" "^0.39.1"
  
  "@material/checkbox@^0.39.1":
    version "0.39.3"
    resolved "https://registry.yarnpkg.com/@material/checkbox/-/checkbox-0.39.3.tgz#4be6bffbe0b6bfcd987bbe9567d17a17738af9fa"
    dependencies:
      "@material/animation" "^0.39.0"
      "@material/base" "^0.39.0"
      "@material/ripple" "^0.39.3"
      "@material/rtl" "^0.39.1"
      "@material/selection-control" "^0.39.3"
      "@material/theme" "^0.39.1"
  
  "@material/elevation@^0.38.0":
    version "0.38.0"
    resolved "https://registry.yarnpkg.com/@material/elevation/-/elevation-0.38.0.tgz#c7f8d0c9a28073b0ec62cb76248b76d5ff467bf8"
    dependencies:
      "@material/animation" "^0.34.0"
      "@material/theme" "^0.38.0"
  
  "@material/elevation@^0.39.1":
    version "0.39.1"
    resolved "https://registry.yarnpkg.com/@material/elevation/-/elevation-0.39.1.tgz#43bb1fe6a0f71332ae11dc18505a8b7cec343dde"
    dependencies:
      "@material/animation" "^0.39.0"
      "@material/theme" "^0.39.1"
  
  "@material/fab@^0.39.0":
    version "0.39.3"
    resolved "https://registry.yarnpkg.com/@material/fab/-/fab-0.39.3.tgz#bb38c5af34528afefb08e159bf6db7b8ee14e391"
    dependencies:
      "@material/animation" "^0.39.0"
      "@material/elevation" "^0.39.1"
      "@material/ripple" "^0.39.3"
      "@material/rtl" "^0.39.1"
      "@material/theme" "^0.39.1"
      "@material/typography" "^0.39.0"
  
  "@material/floating-label@^0.38.0":
    version "0.38.0"
    resolved "https://registry.yarnpkg.com/@material/floating-label/-/floating-label-0.38.0.tgz#557771f8b9d05d0cd7ec6b3bb13ebb0d24d65ab5"
    dependencies:
      "@material/base" "^0.35.0"
      "@material/rtl" "^0.36.0"
      "@material/theme" "^0.38.0"
      "@material/typography" "^0.38.0"
  
  "@material/floating-label@^0.39.1":
    version "0.39.1"
    resolved "https://registry.yarnpkg.com/@material/floating-label/-/floating-label-0.39.1.tgz#8e5f2144460086ee8d586d6715cf0ed1707d3406"
    dependencies:
      "@material/base" "^0.39.0"
      "@material/rtl" "^0.39.1"
      "@material/theme" "^0.39.1"
      "@material/typography" "^0.39.0"
  
  "@material/form-field@^0.39.1":
    version "0.39.3"
    resolved "https://registry.yarnpkg.com/@material/form-field/-/form-field-0.39.3.tgz#bbd149a526bb0c297357d046662be5731d430350"
    dependencies:
      "@material/base" "^0.39.0"
      "@material/rtl" "^0.39.1"
      "@material/selection-control" "^0.39.3"
      "@material/theme" "^0.39.1"
      "@material/typography" "^0.39.0"
  
  "@material/icon-button@^0.39.0":
    version "0.39.3"
    resolved "https://registry.yarnpkg.com/@material/icon-button/-/icon-button-0.39.3.tgz#389fb123c0c0923e05f6e6a6621b8f334fae4ce2"
    dependencies:
      "@material/base" "^0.39.0"
      "@material/ripple" "^0.39.3"
      "@material/theme" "^0.39.1"
  
  "@material/line-ripple@^0.38.0":
    version "0.38.0"
    resolved "https://registry.yarnpkg.com/@material/line-ripple/-/line-ripple-0.38.0.tgz#e70fec82bfd0b718efcbc72c52210e45bd31bcf9"
    dependencies:
      "@material/animation" "^0.34.0"
      "@material/base" "^0.35.0"
      "@material/theme" "^0.38.0"
  
  "@material/line-ripple@^0.39.3":
    version "0.39.3"
    resolved "https://registry.yarnpkg.com/@material/line-ripple/-/line-ripple-0.39.3.tgz#4db9d5ea56f5a4745704627d1e96008716fa471e"
    dependencies:
      "@material/animation" "^0.39.0"
      "@material/base" "^0.39.0"
      "@material/theme" "^0.39.1"
  
  "@material/notched-outline@^0.38.0":
    version "0.38.0"
    resolved "https://registry.yarnpkg.com/@material/notched-outline/-/notched-outline-0.38.0.tgz#75ae05a79cdd6a3761d8ddf3afd763c1450c22c8"
    dependencies:
      "@material/animation" "^0.34.0"
      "@material/base" "^0.35.0"
      "@material/theme" "^0.38.0"
  
  "@material/notched-outline@^0.39.1":
    version "0.39.1"
    resolved "https://registry.yarnpkg.com/@material/notched-outline/-/notched-outline-0.39.1.tgz#bd6d5adc2a0c5f63bb1ab4e1db7d43f37e488fa9"
    dependencies:
      "@material/animation" "^0.39.0"
      "@material/base" "^0.39.0"
      "@material/rtl" "^0.39.1"
      "@material/theme" "^0.39.1"
  
  "@material/react-button@^0.4.2":
    version "0.4.2"
    resolved "https://registry.yarnpkg.com/@material/react-button/-/react-button-0.4.2.tgz#55f617f8a3aa589d1b0435e94ca603bf91c53e84"
    dependencies:
      "@material/button" "^0.38.1"
      "@material/react-ripple" "^0.4.2"
      classnames "^2.2.5"
      prop-types "^15.6.1"
      react "^16.3.2"
  
  "@material/react-floating-label@^0.4.1":
    version "0.4.1"
    resolved "https://registry.yarnpkg.com/@material/react-floating-label/-/react-floating-label-0.4.1.tgz#a17f1eb74b53b860c385c1bc15378022d2628841"
    dependencies:
      "@material/floating-label" "^0.38.0"
      classnames "^2.2.5"
      prop-types "^15.6.1"
      react "^16.3.0"
  
  "@material/react-line-ripple@^0.4.1":
    version "0.4.1"
    resolved "https://registry.yarnpkg.com/@material/react-line-ripple/-/react-line-ripple-0.4.1.tgz#4e07014c980f45a4c7212cd04f835b5ef4823c93"
    dependencies:
      "@material/line-ripple" "^0.38.0"
      classnames "^2.2.5"
      prop-types "^15.6.1"
      react "^16.3.2"
  
  "@material/react-material-icon@^0.4.2":
    version "0.4.2"
    resolved "https://registry.yarnpkg.com/@material/react-material-icon/-/react-material-icon-0.4.2.tgz#a532c0739bed3c7fea9624fa9661659f9ef997db"
    dependencies:
      "@material/react-ripple" "^0.4.2"
      classnames "^2.2.5"
      prop-types "^15.6.1"
      react "^16.3.2"
  
  "@material/react-notched-outline@^0.4.1":
    version "0.4.1"
    resolved "https://registry.yarnpkg.com/@material/react-notched-outline/-/react-notched-outline-0.4.1.tgz#3da419cb89e68fea8ca30ff2dba901657e974c97"
    dependencies:
      "@material/notched-outline" "^0.38.0"
      classnames "^2.2.5"
      prop-types "^15.6.1"
      react "^16.3.2"
  
  "@material/react-ripple@^0.4.2":
    version "0.4.2"
    resolved "https://registry.yarnpkg.com/@material/react-ripple/-/react-ripple-0.4.2.tgz#1e57d42617433cc9f8955ac049367418a10410f0"
    dependencies:
      "@material/ripple" "^0.38.1"
      classnames "^2.2.5"
      prop-types "^15.6.1"
      react "^16.3.2"
  
  "@material/react-select@^0.4.2":
    version "0.4.2"
    resolved "https://registry.yarnpkg.com/@material/react-select/-/react-select-0.4.2.tgz#1a33be24a4adf13c0a21563b07022af3b861865e"
    dependencies:
      "@material/react-floating-label" "^0.4.1"
      "@material/react-line-ripple" "^0.4.1"
      "@material/react-notched-outline" "^0.4.1"
      "@material/select" "^0.38.1"
      classnames "^2.2.5"
      prop-types "^15.6.1"
      react "^16.3.2"
  
  "@material/react-text-field@^0.4.2":
    version "0.4.2"
    resolved "https://registry.yarnpkg.com/@material/react-text-field/-/react-text-field-0.4.2.tgz#909bb34054cc9c35468fde222ea81ec07032ed3a"
    dependencies:
      "@material/react-floating-label" "^0.4.1"
      "@material/react-line-ripple" "^0.4.1"
      "@material/react-notched-outline" "^0.4.1"
      "@material/textfield" "^0.38.1"
      classnames "^2.2.5"
      prop-types "^15.6.1"
      react "^16.3.2"
  
  "@material/react-top-app-bar@^0.4.2":
    version "0.4.2"
    resolved "https://registry.yarnpkg.com/@material/react-top-app-bar/-/react-top-app-bar-0.4.2.tgz#54254b1fab7860a9881d690fe55c03490ac7a1d0"
    dependencies:
      "@material/top-app-bar" "^0.38.1"
      classnames "^2.2.5"
      prop-types "^15.6.1"
      react "^16.3.2"
  
  "@material/ripple@^0.38.1":
    version "0.38.1"
    resolved "https://registry.yarnpkg.com/@material/ripple/-/ripple-0.38.1.tgz#74e61ed28e7680e0fd990fa50fa1949da456b3cb"
    dependencies:
      "@material/animation" "^0.34.0"
      "@material/base" "^0.35.0"
      "@material/theme" "^0.38.0"
  
  "@material/ripple@^0.39.0", "@material/ripple@^0.39.3":
    version "0.39.3"
    resolved "https://registry.yarnpkg.com/@material/ripple/-/ripple-0.39.3.tgz#4ff7a8fec5d5206f0da72a78d026529b53b7d564"
    dependencies:
      "@material/animation" "^0.39.0"
      "@material/base" "^0.39.0"
      "@material/theme" "^0.39.1"
  
  "@material/rtl@^0.36.0":
    version "0.36.0"
    resolved "https://registry.yarnpkg.com/@material/rtl/-/rtl-0.36.0.tgz#a81b587981dc6e09f51e26da8a7447f89358ccd5"
  
  "@material/rtl@^0.39.1":
    version "0.39.1"
    resolved "https://registry.yarnpkg.com/@material/rtl/-/rtl-0.39.1.tgz#dcaf6f93fc6cd540137edb352139dc8139bca436"
  
  "@material/select@^0.38.1":
    version "0.38.1"
    resolved "https://registry.yarnpkg.com/@material/select/-/select-0.38.1.tgz#149c1ddf5146dd6cec052e06b41638b28c7085ea"
    dependencies:
      "@material/animation" "^0.34.0"
      "@material/base" "^0.35.0"
      "@material/floating-label" "^0.38.0"
      "@material/line-ripple" "^0.38.0"
      "@material/notched-outline" "^0.38.0"
      "@material/ripple" "^0.38.1"
      "@material/rtl" "^0.36.0"
      "@material/theme" "^0.38.0"
      "@material/typography" "^0.38.0"
  
  "@material/select@^0.39.1":
    version "0.39.3"
    resolved "https://registry.yarnpkg.com/@material/select/-/select-0.39.3.tgz#d4766ec463b00ded2c6424566fb824155d6efe8c"
    dependencies:
      "@material/animation" "^0.39.0"
      "@material/base" "^0.39.0"
      "@material/floating-label" "^0.39.1"
      "@material/line-ripple" "^0.39.3"
      "@material/notched-outline" "^0.39.1"
      "@material/ripple" "^0.39.3"
      "@material/rtl" "^0.39.1"
      "@material/theme" "^0.39.1"
      "@material/typography" "^0.39.0"
  
  "@material/selection-control@^0.39.3":
    version "0.39.3"
    resolved "https://registry.yarnpkg.com/@material/selection-control/-/selection-control-0.39.3.tgz#2ccdb4e07a7446e462ead824796a8ef18cc27720"
    dependencies:
      "@material/ripple" "^0.39.3"
  
  "@material/slider@^0.39.1":
    version "0.39.1"
    resolved "https://registry.yarnpkg.com/@material/slider/-/slider-0.39.1.tgz#3662f8a3bc9ae353d77b70ee921063162e03a255"
    dependencies:
      "@material/animation" "^0.39.0"
      "@material/base" "^0.39.0"
      "@material/rtl" "^0.39.1"
      "@material/theme" "^0.39.1"
  
  "@material/switch@^0.39.1":
    version "0.39.3"
    resolved "https://registry.yarnpkg.com/@material/switch/-/switch-0.39.3.tgz#c7afdd2f13747e97ee3a7f223cedce84fe940fc1"
    dependencies:
      "@material/animation" "^0.39.0"
      "@material/base" "^0.39.0"
      "@material/elevation" "^0.39.1"
      "@material/ripple" "^0.39.3"
      "@material/rtl" "^0.39.1"
      "@material/selection-control" "^0.39.3"
      "@material/theme" "^0.39.1"
  
  "@material/textfield@^0.38.1":
    version "0.38.1"
    resolved "https://registry.yarnpkg.com/@material/textfield/-/textfield-0.38.1.tgz#f0dc2d7b534a51845a84f71fbd8199b6cc0b5130"
    dependencies:
      "@material/animation" "^0.34.0"
      "@material/base" "^0.35.0"
      "@material/floating-label" "^0.38.0"
      "@material/line-ripple" "^0.38.0"
      "@material/notched-outline" "^0.38.0"
      "@material/ripple" "^0.38.1"
      "@material/rtl" "^0.36.0"
      "@material/theme" "^0.38.0"
      "@material/typography" "^0.38.0"
  
  "@material/textfield@^0.39.1":
    version "0.39.3"
    resolved "https://registry.yarnpkg.com/@material/textfield/-/textfield-0.39.3.tgz#38520fad2615cceb0406d6e9b28f3afee749d7b1"
    dependencies:
      "@material/animation" "^0.39.0"
      "@material/base" "^0.39.0"
      "@material/floating-label" "^0.39.1"
      "@material/line-ripple" "^0.39.3"
      "@material/notched-outline" "^0.39.1"
      "@material/ripple" "^0.39.3"
      "@material/rtl" "^0.39.1"
      "@material/theme" "^0.39.1"
      "@material/typography" "^0.39.0"
  
  "@material/theme@^0.38.0":
    version "0.38.0"
    resolved "https://registry.yarnpkg.com/@material/theme/-/theme-0.38.0.tgz#c1a2247eba4af2ba47da4456921ab420869fda55"
  
  "@material/theme@^0.39.1":
    version "0.39.1"
    resolved "https://registry.yarnpkg.com/@material/theme/-/theme-0.39.1.tgz#5fb160222e2b213628b285af26ca65c6f4327fe5"
  
  "@material/top-app-bar@^0.38.1":
    version "0.38.1"
    resolved "https://registry.yarnpkg.com/@material/top-app-bar/-/top-app-bar-0.38.1.tgz#e3dd6fa59c9510c99d311840272f6b93fca62e08"
    dependencies:
      "@material/animation" "^0.34.0"
      "@material/base" "^0.35.0"
      "@material/elevation" "^0.38.0"
      "@material/ripple" "^0.38.1"
      "@material/rtl" "^0.36.0"
      "@material/theme" "^0.38.0"
      "@material/typography" "^0.38.0"
  
  "@material/typography@^0.38.0":
    version "0.38.0"
    resolved "https://registry.yarnpkg.com/@material/typography/-/typography-0.38.0.tgz#fff8e4f25c5ef7b0afb5ed414bc700981e431703"
  
  "@material/typography@^0.39.0":
    version "0.39.0"
    resolved "https://registry.yarnpkg.com/@material/typography/-/typography-0.39.0.tgz#7d7468673e104609d926528ffe5571cfd44d8c3c"
  
  "@types/node@*":
    version "10.12.9"
    resolved "https://registry.yarnpkg.com/@types/node/-/node-10.12.9.tgz#a07bfa74331471e1dc22a47eb72026843f7b95c8"
  
  "@types/prop-types@*":
    version "15.5.6"
    resolved "https://registry.yarnpkg.com/@types/prop-types/-/prop-types-15.5.6.tgz#9c03d3fed70a8d517c191b7734da2879b50ca26c"
  
  "@types/react-dom@16.0.6":
    version "16.0.6"
    resolved "https://registry.yarnpkg.com/@types/react-dom/-/react-dom-16.0.6.tgz#f1a65a4e7be8ed5d123f8b3b9eacc913e35a1a3c"
    dependencies:
      "@types/node" "*"
      "@types/react" "*"
  
  "@types/react@*":
    version "16.7.6"
    resolved "https://registry.yarnpkg.com/@types/react/-/react-16.7.6.tgz#80e4bab0d0731ad3ae51f320c4b08bdca5f03040"
    dependencies:
      "@types/prop-types" "*"
      csstype "^2.2.0"
  
  "@types/react@16.3.17":
    version "16.3.17"
    resolved "https://registry.yarnpkg.com/@types/react/-/react-16.3.17.tgz#d59d1a632570b0713946ed9c2949d994773633c5"
    dependencies:
      csstype "^2.2.0"
  
  "@types/react@^16.0.31":
    version "16.4.18"
    resolved "https://registry.yarnpkg.com/@types/react/-/react-16.4.18.tgz#2e28a2e7f92d3fa7d6a65f2b73275c3e3138a13d"
    dependencies:
      "@types/prop-types" "*"
      csstype "^2.2.0"
  
  "@types/react@^16.4.16":
    version "16.4.16"
    resolved "https://registry.yarnpkg.com/@types/react/-/react-16.4.16.tgz#99f91b1200ae8c2062030402006d3b3c3a177043"
    dependencies:
      "@types/prop-types" "*"
      csstype "^2.2.0"
  
  asap@~2.0.3:
    version "2.0.6"
    resolved "https://registry.yarnpkg.com/asap/-/asap-2.0.6.tgz#e50347611d7e690943208bbdafebcbc2fb866d46"
  
  "babel-plugin-styled-components@>= 1":
    version "1.8.0"
    resolved "https://registry.yarnpkg.com/babel-plugin-styled-components/-/babel-plugin-styled-components-1.8.0.tgz#9dd054c8e86825203449a852a5746f29f2dab857"
    dependencies:
      "@babel/helper-annotate-as-pure" "^7.0.0"
      lodash "^4.17.10"
  
  base64-js@^1.0.2:
    version "1.3.0"
    resolved "https://registry.yarnpkg.com/base64-js/-/base64-js-1.3.0.tgz#cab1e6118f051095e58b5281aea8c1cd22bfc0e3"
  
  buffer@^5.0.3:
    version "5.2.1"
    resolved "https://registry.yarnpkg.com/buffer/-/buffer-5.2.1.tgz#dd57fa0f109ac59c602479044dca7b8b3d0b71d6"
    dependencies:
      base64-js "^1.0.2"
      ieee754 "^1.1.4"
  
  classnames@^2.2.4, classnames@^2.2.5:
    version "2.2.6"
    resolved "https://registry.yarnpkg.com/classnames/-/classnames-2.2.6.tgz#43935bffdd291f326dad0a205309b38d00f650ce"
  
  core-js@^1.0.0:
    version "1.2.7"
    resolved "https://registry.yarnpkg.com/core-js/-/core-js-1.2.7.tgz#652294c14651db28fa93bd2d5ff2983a4f08c636"
  
  css-color-keywords@^1.0.0:
    version "1.0.0"
    resolved "https://registry.yarnpkg.com/css-color-keywords/-/css-color-keywords-1.0.0.tgz#fea2616dc676b2962686b3af8dbdbe180b244e05"
  
  css-to-react-native@^2.0.3, css-to-react-native@^2.2.2:
    version "2.2.2"
    resolved "https://registry.yarnpkg.com/css-to-react-native/-/css-to-react-native-2.2.2.tgz#c077d0f7bf3e6c915a539e7325821c9dd01f9965"
    dependencies:
      css-color-keywords "^1.0.0"
      fbjs "^0.8.5"
      postcss-value-parser "^3.3.0"
  
  csstype@^2.2.0:
    version "2.5.5"
    resolved "https://registry.yarnpkg.com/csstype/-/csstype-2.5.5.tgz#4125484a3d42189a863943f23b9e4b80fedfa106"
  
  draft-js@0.10.4:
    version "0.10.4"
    resolved "https://registry.yarnpkg.com/draft-js/-/draft-js-0.10.4.tgz#147741642097c8120d8edc232e9503e8b7fb8d35"
    dependencies:
      fbjs "^0.8.15"
      immutable "~3.7.4"
      object-assign "^4.1.0"
  
  encoding@^0.1.11:
    version "0.1.12"
    resolved "https://registry.yarnpkg.com/encoding/-/encoding-0.1.12.tgz#538b66f3ee62cd1ab51ec323829d1f9480c74beb"
    dependencies:
      iconv-lite "~0.4.13"
  
  esutils@^2.0.2:
    version "2.0.2"
    resolved "https://registry.yarnpkg.com/esutils/-/esutils-2.0.2.tgz#0abf4f1caa5bcb1f7a9d8acc6dea4faaa04bac9b"
  
  eventemitter3@^3.1.0:
    version "3.1.0"
    resolved "https://registry.yarnpkg.com/eventemitter3/-/eventemitter3-3.1.0.tgz#090b4d6cdbd645ed10bf750d4b5407942d7ba163"
  
  fbjs@^0.8.15, fbjs@^0.8.16, fbjs@^0.8.5:
    version "0.8.17"
    resolved "https://registry.yarnpkg.com/fbjs/-/fbjs-0.8.17.tgz#c4d598ead6949112653d6588b01a5cdcd9f90fdd"
    dependencies:
      core-js "^1.0.0"
      isomorphic-fetch "^2.1.1"
      loose-envify "^1.0.0"
      object-assign "^4.1.0"
      promise "^7.1.1"
      setimmediate "^1.0.5"
      ua-parser-js "^0.7.18"
  
  framer@^0.1.8:
    version "0.1.34"
    resolved "https://registry.yarnpkg.com/framer/-/framer-0.1.34.tgz#6cdbb788196008ffd42b5a96a026673d4c3c25f5"
    dependencies:
      draft-js "0.10.4"
      eventemitter3 "^3.1.0"
      hsluv "^0.0.3"
      immutable "^3.8.2"
  
  framer@^0.9.2:
    version "0.9.2"
    resolved "https://registry.yarnpkg.com/framer/-/framer-0.9.2.tgz#68eb4daac599d141ce9681c926d96b5dfdb02d95"
    dependencies:
      draft-js "0.10.4"
      eventemitter3 "^3.1.0"
      hsluv "^0.0.3"
      immutable "^3.8.2"
  
  has-flag@^1.0.0:
    version "1.0.0"
    resolved "https://registry.yarnpkg.com/has-flag/-/has-flag-1.0.0.tgz#9d9e793165ce017a00f00418c43f942a7b1d11fa"
  
  has-flag@^3.0.0:
    version "3.0.0"
    resolved "https://registry.yarnpkg.com/has-flag/-/has-flag-3.0.0.tgz#b5d454dc2199ae225699f3467e5a07f3b955bafd"
  
  hoist-non-react-statics@^2.5.0:
    version "2.5.5"
    resolved "https://registry.yarnpkg.com/hoist-non-react-statics/-/hoist-non-react-statics-2.5.5.tgz#c5903cf409c0dfd908f388e619d86b9c1174cb47"
  
  hsluv@^0.0.3:
    version "0.0.3"
    resolved "https://registry.yarnpkg.com/hsluv/-/hsluv-0.0.3.tgz#829107dafb4a9f8b52a1809ed02e091eade6754c"
  
  iconv-lite@~0.4.13:
    version "0.4.24"
    resolved "https://registry.yarnpkg.com/iconv-lite/-/iconv-lite-0.4.24.tgz#2022b4b25fbddc21d2f524974a474aafe733908b"
    dependencies:
      safer-buffer ">= 2.1.2 < 3"
  
  ieee754@^1.1.4:
    version "1.1.12"
    resolved "https://registry.yarnpkg.com/ieee754/-/ieee754-1.1.12.tgz#50bf24e5b9c8bb98af4964c941cdb0918da7b60b"
  
  immutable@^3.8.2:
    version "3.8.2"
    resolved "https://registry.yarnpkg.com/immutable/-/immutable-3.8.2.tgz#c2439951455bb39913daf281376f1530e104adf3"
  
  immutable@~3.7.4:
    version "3.7.6"
    resolved "https://registry.yarnpkg.com/immutable/-/immutable-3.7.6.tgz#13b4d3cb12befa15482a26fe1b2ebae640071e4b"
  
  is-stream@^1.0.1:
    version "1.1.0"
    resolved "https://registry.yarnpkg.com/is-stream/-/is-stream-1.1.0.tgz#12d4a3dd4e68e0b79ceb8dbc84173ae80d91ca44"
  
  isomorphic-fetch@^2.1.1:
    version "2.2.1"
    resolved "https://registry.yarnpkg.com/isomorphic-fetch/-/isomorphic-fetch-2.2.1.tgz#611ae1acf14f5e81f729507472819fe9733558a9"
    dependencies:
      node-fetch "^1.0.1"
      whatwg-fetch ">=0.10.0"
  
  "js-tokens@^3.0.0 || ^4.0.0":
    version "4.0.0"
    resolved "https://registry.yarnpkg.com/js-tokens/-/js-tokens-4.0.0.tgz#19203fb59991df98e3a287050d4647cdeaf32499"
  
  lodash@^4.17.10:
    version "4.17.11"
    resolved "https://registry.yarnpkg.com/lodash/-/lodash-4.17.11.tgz#b39ea6229ef607ecd89e2c8df12536891cac9b8d"
  
  loose-envify@^1.0.0, loose-envify@^1.1.0, loose-envify@^1.3.1:
    version "1.4.0"
    resolved "https://registry.yarnpkg.com/loose-envify/-/loose-envify-1.4.0.tgz#71ee51fa7be4caec1a63839f7e682d8132d30caf"
    dependencies:
      js-tokens "^3.0.0 || ^4.0.0"
  
  memoize-one@^4.0.0:
    version "4.0.3"
    resolved "https://registry.yarnpkg.com/memoize-one/-/memoize-one-4.0.3.tgz#cdfdd942853f1a1b4c71c5336b8c49da0bf0273c"
  
  node-fetch@^1.0.1:
    version "1.7.3"
    resolved "https://registry.yarnpkg.com/node-fetch/-/node-fetch-1.7.3.tgz#980f6f72d85211a5347c6b2bc18c5b84c3eb47ef"
    dependencies:
      encoding "^0.1.11"
      is-stream "^1.0.1"
  
  object-assign@^4.1.0, object-assign@^4.1.1:
    version "4.1.1"
    resolved "https://registry.yarnpkg.com/object-assign/-/object-assign-4.1.1.tgz#2109adc7965887cfc05cbbd442cac8bfbb360863"
  
  postcss-value-parser@^3.3.0:
    version "3.3.1"
    resolved "https://registry.yarnpkg.com/postcss-value-parser/-/postcss-value-parser-3.3.1.tgz#9ff822547e2893213cf1c30efa51ac5fd1ba8281"
  
  promise@^7.1.1:
    version "7.3.1"
    resolved "https://registry.yarnpkg.com/promise/-/promise-7.3.1.tgz#064b72602b18f90f29192b8b1bc418ffd1ebd3bf"
    dependencies:
      asap "~2.0.3"
  
  prop-types@^15.5.4, prop-types@^15.5.8, prop-types@^15.6.0, prop-types@^15.6.1, prop-types@^15.6.2:
    version "15.6.2"
    resolved "https://registry.yarnpkg.com/prop-types/-/prop-types-15.6.2.tgz#05d5ca77b4453e985d60fc7ff8c859094a497102"
    dependencies:
      loose-envify "^1.3.1"
      object-assign "^4.1.1"
  
  react-dom@16.1.1:
    version "16.1.1"
    resolved "https://registry.yarnpkg.com/react-dom/-/react-dom-16.1.1.tgz#b2e331b6d752faf1a2d31399969399a41d8d45f8"
    dependencies:
      fbjs "^0.8.16"
      loose-envify "^1.1.0"
      object-assign "^4.1.1"
      prop-types "^15.6.0"
  
  react-dom@^16.3.0:
    version "16.6.0"
    resolved "https://registry.yarnpkg.com/react-dom/-/react-dom-16.6.0.tgz#6375b8391e019a632a89a0988bce85f0cc87a92f"
    dependencies:
      loose-envify "^1.1.0"
      object-assign "^4.1.1"
      prop-types "^15.6.2"
      scheduler "^0.10.0"
  
  react-input-autosize@^2.1.0:
    version "2.2.1"
    resolved "https://registry.yarnpkg.com/react-input-autosize/-/react-input-autosize-2.2.1.tgz#ec428fa15b1592994fb5f9aa15bb1eb6baf420f8"
    dependencies:
      prop-types "^15.5.8"
  
  react-is@^16.3.1, react-is@^16.6.0:
    version "16.6.3"
    resolved "https://registry.yarnpkg.com/react-is/-/react-is-16.6.3.tgz#d2d7462fcfcbe6ec0da56ad69047e47e56e7eac0"
  
  react-select@1.1.0:
    version "1.1.0"
    resolved "https://registry.yarnpkg.com/react-select/-/react-select-1.1.0.tgz#626a2de839fdea2ade74dd1b143a9bde34be6c82"
    dependencies:
      classnames "^2.2.4"
      prop-types "^15.5.8"
      react-input-autosize "^2.1.0"
  
  react@16.1.1:
    version "16.1.1"
    resolved "https://registry.yarnpkg.com/react/-/react-16.1.1.tgz#d5c4ef795507e3012282dd51261ff9c0e824fe1f"
    dependencies:
      fbjs "^0.8.16"
      loose-envify "^1.1.0"
      object-assign "^4.1.1"
      prop-types "^15.6.0"
  
  react@^16.3.0:
    version "16.6.0"
    resolved "https://registry.yarnpkg.com/react/-/react-16.6.0.tgz#b34761cfaf3e30f5508bc732fb4736730b7da246"
    dependencies:
      loose-envify "^1.1.0"
      object-assign "^4.1.1"
      prop-types "^15.6.2"
      scheduler "^0.10.0"
  
  react@^16.3.2:
    version "16.6.3"
    resolved "https://registry.yarnpkg.com/react/-/react-16.6.3.tgz#25d77c91911d6bbdd23db41e70fb094cc1e0871c"
    dependencies:
      loose-envify "^1.1.0"
      object-assign "^4.1.1"
      prop-types "^15.6.2"
      scheduler "^0.11.2"
  
  "safer-buffer@>= 2.1.2 < 3":
    version "2.1.2"
    resolved "https://registry.yarnpkg.com/safer-buffer/-/safer-buffer-2.1.2.tgz#44fa161b0187b9549dd84bb91802f9bd8385cd6a"
  
  scheduler@^0.10.0:
    version "0.10.0"
    resolved "https://registry.yarnpkg.com/scheduler/-/scheduler-0.10.0.tgz#7988de90fe7edccc774ea175a783e69c40c521e1"
    dependencies:
      loose-envify "^1.1.0"
      object-assign "^4.1.1"
  
  scheduler@^0.11.2:
    version "0.11.2"
    resolved "https://registry.yarnpkg.com/scheduler/-/scheduler-0.11.2.tgz#a8db5399d06eba5abac51b705b7151d2319d33d3"
    dependencies:
      loose-envify "^1.1.0"
      object-assign "^4.1.1"
  
  setimmediate@^1.0.5:
    version "1.0.5"
    resolved "https://registry.yarnpkg.com/setimmediate/-/setimmediate-1.0.5.tgz#290cbb232e306942d7d7ea9b83732ab7856f8285"
  
  styled-components@^3.4.5:
    version "3.4.10"
    resolved "https://registry.yarnpkg.com/styled-components/-/styled-components-3.4.10.tgz#9a654c50ea2b516c36ade57ddcfa296bf85c96e1"
    dependencies:
      buffer "^5.0.3"
      css-to-react-native "^2.0.3"
      fbjs "^0.8.16"
      hoist-non-react-statics "^2.5.0"
      prop-types "^15.5.4"
      react-is "^16.3.1"
      stylis "^3.5.0"
      stylis-rule-sheet "^0.0.10"
      supports-color "^3.2.3"
  
  styled-components@^4.0.3:
    version "4.1.1"
    resolved "https://registry.yarnpkg.com/styled-components/-/styled-components-4.1.1.tgz#943922048fae556e286bcbfdd29da4f1399446bc"
    dependencies:
      "@emotion/is-prop-valid" "^0.6.8"
      "@emotion/unitless" "^0.7.0"
      babel-plugin-styled-components ">= 1"
      css-to-react-native "^2.2.2"
      memoize-one "^4.0.0"
      prop-types "^15.5.4"
      react-is "^16.6.0"
      stylis "^3.5.0"
      stylis-rule-sheet "^0.0.10"
      supports-color "^5.5.0"
  
  stylis-rule-sheet@^0.0.10:
    version "0.0.10"
    resolved "https://registry.yarnpkg.com/stylis-rule-sheet/-/stylis-rule-sheet-0.0.10.tgz#44e64a2b076643f4b52e5ff71efc04d8c3c4a430"
  
  stylis@^3.5.0:
    version "3.5.4"
    resolved "https://registry.yarnpkg.com/stylis/-/stylis-3.5.4.tgz#f665f25f5e299cf3d64654ab949a57c768b73fbe"
  
  supports-color@^3.2.3:
    version "3.2.3"
    resolved "https://registry.yarnpkg.com/supports-color/-/supports-color-3.2.3.tgz#65ac0504b3954171d8a64946b2ae3cbb8a5f54f6"
    dependencies:
      has-flag "^1.0.0"
  
  supports-color@^5.5.0:
    version "5.5.0"
    resolved "https://registry.yarnpkg.com/supports-color/-/supports-color-5.5.0.tgz#e2e69a44ac8772f78a1ec0b35b689df6530efc8f"
    dependencies:
      has-flag "^3.0.0"
  
  to-fast-properties@^2.0.0:
    version "2.0.0"
    resolved "https://registry.yarnpkg.com/to-fast-properties/-/to-fast-properties-2.0.0.tgz#dc5e698cbd079265bc73e0377681a4e4e83f616e"
  
  ua-parser-js@^0.7.18:
    version "0.7.19"
    resolved "https://registry.yarnpkg.com/ua-parser-js/-/ua-parser-js-0.7.19.tgz#94151be4c0a7fb1d001af7022fdaca4642659e4b"
  
  whatwg-fetch@>=0.10.0:
    version "3.0.0"
    resolved "https://registry.yarnpkg.com/whatwg-fetch/-/whatwg-fetch-3.0.0.tgz#fc804e458cc460009b1a2b966bc8817d2578aefb"
